Drill report for SparkFun_Audio_Player_Breakout_MY1690X-16S.kicad_pcb
Created on 2025-01-29T14:48:41-0700

Copper Layer Stackup:
    =============================================================
    L1 :  F.Cu                      front
    L2 :  In1.Cu                    in1
    L3 :  In2.Cu                    in2
    L4 :  B.Cu                      back


Drill file 'SparkFun_Audio_Player_Breakout_MY1690X-16S.drl' contains
    plated through holes:
    =============================================================
    T1  0.300mm  0.0118"  (64 holes)
    T2  0.600mm  0.0236"  (4 holes)  (with 4 slots)
    T3  1.016mm  0.0400"  (11 holes)

    Total plated holes count 79


Not plated through holes are merged with plated holes
    unplated through holes:
    =============================================================
    T4  0.650mm  0.0256"  (2 holes)
    T5  1.000mm  0.0394"  (2 holes)
    T6  1.200mm  0.0472"  (2 holes)
    T7  3.100mm  0.1220"  (3 holes)

    Total unplated holes count 9
