2025-02-20 09:02:11,916 - cammer_logger - INFO - Running CAMmer
2025-02-20 09:02:11,916 - cammer_logger - INFO - ['-l', 'F.Cu,In1.Cu,In2.Cu,B.Cu,F.Paste,B.Paste,F.Silkscreen,B.Silkscreen,F.Mask,B.Mask', '-e', 'Edge.Cuts,User.Comments']
2025-02-20 09:02:11,916 - cammer_logger - INFO - CAMMER START: 2025-02-20T09:02:11.916384
2025-02-20 09:02:12,753 - cammer_logger - INFO - 
START: 2025-02-20T09:02:11.916384
Deleting existing C:\Users\pete.lewis\Documents\GitHub\SparkFun_Audio_Player_Breakout_MY1690X-16S\Hardware\Production\SparkFun_Audio_Player_Breakout_MY1690X-16S_panelized.GTL
Renaming C:\Users\pete.lewis\Documents\GitHub\SparkFun_Audio_Player_Breakout_MY1690X-16S\Hardware\Production\SparkFun_Audio_Player_Breakout_MY1690X-16S_panelized-F_Cu.gbr to C:\Users\pete.lewis\Documents\GitHub\SparkFun_Audio_Player_Breakout_MY1690X-16S\Hardware\Production\SparkFun_Audio_Player_Breakout_MY1690X-16S_panelized.GTL
Deleting existing C:\Users\pete.lewis\Documents\GitHub\SparkFun_Audio_Player_Breakout_MY1690X-16S\Hardware\Production\SparkFun_Audio_Player_Breakout_MY1690X-16S_panelized.GL2
Renaming C:\Users\pete.lewis\Documents\GitHub\SparkFun_Audio_Player_Breakout_MY1690X-16S\Hardware\Production\SparkFun_Audio_Player_Breakout_MY1690X-16S_panelized-In1_Cu.gbr to C:\Users\pete.lewis\Documents\GitHub\SparkFun_Audio_Player_Breakout_MY1690X-16S\Hardware\Production\SparkFun_Audio_Player_Breakout_MY1690X-16S_panelized.GL2
Deleting existing C:\Users\pete.lewis\Documents\GitHub\SparkFun_Audio_Player_Breakout_MY1690X-16S\Hardware\Production\SparkFun_Audio_Player_Breakout_MY1690X-16S_panelized.GL3
Renaming C:\Users\pete.lewis\Documents\GitHub\SparkFun_Audio_Player_Breakout_MY1690X-16S\Hardware\Production\SparkFun_Audio_Player_Breakout_MY1690X-16S_panelized-In2_Cu.gbr to C:\Users\pete.lewis\Documents\GitHub\SparkFun_Audio_Player_Breakout_MY1690X-16S\Hardware\Production\SparkFun_Audio_Player_Breakout_MY1690X-16S_panelized.GL3
Deleting existing C:\Users\pete.lewis\Documents\GitHub\SparkFun_Audio_Player_Breakout_MY1690X-16S\Hardware\Production\SparkFun_Audio_Player_Breakout_MY1690X-16S_panelized.GBL
Renaming C:\Users\pete.lewis\Documents\GitHub\SparkFun_Audio_Player_Breakout_MY1690X-16S\Hardware\Production\SparkFun_Audio_Player_Breakout_MY1690X-16S_panelized-B_Cu.gbr to C:\Users\pete.lewis\Documents\GitHub\SparkFun_Audio_Player_Breakout_MY1690X-16S\Hardware\Production\SparkFun_Audio_Player_Breakout_MY1690X-16S_panelized.GBL
Deleting existing C:\Users\pete.lewis\Documents\GitHub\SparkFun_Audio_Player_Breakout_MY1690X-16S\Hardware\Production\SparkFun_Audio_Player_Breakout_MY1690X-16S_panelized.GTP
Renaming C:\Users\pete.lewis\Documents\GitHub\SparkFun_Audio_Player_Breakout_MY1690X-16S\Hardware\Production\SparkFun_Audio_Player_Breakout_MY1690X-16S_panelized-F_Paste.gbr to C:\Users\pete.lewis\Documents\GitHub\SparkFun_Audio_Player_Breakout_MY1690X-16S\Hardware\Production\SparkFun_Audio_Player_Breakout_MY1690X-16S_panelized.GTP
Deleting existing C:\Users\pete.lewis\Documents\GitHub\SparkFun_Audio_Player_Breakout_MY1690X-16S\Hardware\Production\SparkFun_Audio_Player_Breakout_MY1690X-16S_panelized.GBP
Renaming C:\Users\pete.lewis\Documents\GitHub\SparkFun_Audio_Player_Breakout_MY1690X-16S\Hardware\Production\SparkFun_Audio_Player_Breakout_MY1690X-16S_panelized-B_Paste.gbr to C:\Users\pete.lewis\Documents\GitHub\SparkFun_Audio_Player_Breakout_MY1690X-16S\Hardware\Production\SparkFun_Audio_Player_Breakout_MY1690X-16S_panelized.GBP
Deleting existing C:\Users\pete.lewis\Documents\GitHub\SparkFun_Audio_Player_Breakout_MY1690X-16S\Hardware\Production\SparkFun_Audio_Player_Breakout_MY1690X-16S_panelized.GTO
Renaming C:\Users\pete.lewis\Documents\GitHub\SparkFun_Audio_Player_Breakout_MY1690X-16S\Hardware\Production\SparkFun_Audio_Player_Breakout_MY1690X-16S_panelized-F_Silkscreen.gbr to C:\Users\pete.lewis\Documents\GitHub\SparkFun_Audio_Player_Breakout_MY1690X-16S\Hardware\Production\SparkFun_Audio_Player_Breakout_MY1690X-16S_panelized.GTO
Deleting existing C:\Users\pete.lewis\Documents\GitHub\SparkFun_Audio_Player_Breakout_MY1690X-16S\Hardware\Production\SparkFun_Audio_Player_Breakout_MY1690X-16S_panelized.GBO
Renaming C:\Users\pete.lewis\Documents\GitHub\SparkFun_Audio_Player_Breakout_MY1690X-16S\Hardware\Production\SparkFun_Audio_Player_Breakout_MY1690X-16S_panelized-B_Silkscreen.gbr to C:\Users\pete.lewis\Documents\GitHub\SparkFun_Audio_Player_Breakout_MY1690X-16S\Hardware\Production\SparkFun_Audio_Player_Breakout_MY1690X-16S_panelized.GBO
Deleting existing C:\Users\pete.lewis\Documents\GitHub\SparkFun_Audio_Player_Breakout_MY1690X-16S\Hardware\Production\SparkFun_Audio_Player_Breakout_MY1690X-16S_panelized.GTS
Renaming C:\Users\pete.lewis\Documents\GitHub\SparkFun_Audio_Player_Breakout_MY1690X-16S\Hardware\Production\SparkFun_Audio_Player_Breakout_MY1690X-16S_panelized-F_Mask.gbr to C:\Users\pete.lewis\Documents\GitHub\SparkFun_Audio_Player_Breakout_MY1690X-16S\Hardware\Production\SparkFun_Audio_Player_Breakout_MY1690X-16S_panelized.GTS
Deleting existing C:\Users\pete.lewis\Documents\GitHub\SparkFun_Audio_Player_Breakout_MY1690X-16S\Hardware\Production\SparkFun_Audio_Player_Breakout_MY1690X-16S_panelized.GBS
Renaming C:\Users\pete.lewis\Documents\GitHub\SparkFun_Audio_Player_Breakout_MY1690X-16S\Hardware\Production\SparkFun_Audio_Player_Breakout_MY1690X-16S_panelized-B_Mask.gbr to C:\Users\pete.lewis\Documents\GitHub\SparkFun_Audio_Player_Breakout_MY1690X-16S\Hardware\Production\SparkFun_Audio_Player_Breakout_MY1690X-16S_panelized.GBS
Deleting existing C:\Users\pete.lewis\Documents\GitHub\SparkFun_Audio_Player_Breakout_MY1690X-16S\Hardware\Production\SparkFun_Audio_Player_Breakout_MY1690X-16S_panelized.GKO
Renaming C:\Users\pete.lewis\Documents\GitHub\SparkFun_Audio_Player_Breakout_MY1690X-16S\Hardware\Production\SparkFun_Audio_Player_Breakout_MY1690X-16S_panelized-Edge_Cuts.gbr to C:\Users\pete.lewis\Documents\GitHub\SparkFun_Audio_Player_Breakout_MY1690X-16S\Hardware\Production\SparkFun_Audio_Player_Breakout_MY1690X-16S_panelized.GKO
Drill report: C:\Users\pete.lewis\Documents\GitHub\SparkFun_Audio_Player_Breakout_MY1690X-16S\Hardware\Production\drill_report.rpt

2025-02-20 09:02:14,860 - cammer_logger - INFO - CAMmer complete
